d:\projects\c++\vs 2019\source\repos\bachelor_pacman\bachelor_pacman\x64\debug\vc142.pdb
d:\projects\c++\vs 2019\source\repos\bachelor_pacman\bachelor_pacman\x64\debug\vc142.idb
d:\projects\c++\vs 2019\source\repos\bachelor_pacman\bachelor_pacman\x64\debug\statemanager.obj
d:\projects\c++\vs 2019\source\repos\bachelor_pacman\bachelor_pacman\x64\debug\resources.obj
d:\projects\c++\vs 2019\source\repos\bachelor_pacman\bachelor_pacman\x64\debug\playingstate.obj
d:\projects\c++\vs 2019\source\repos\bachelor_pacman\bachelor_pacman\x64\debug\pacman.obj
d:\projects\c++\vs 2019\source\repos\bachelor_pacman\bachelor_pacman\x64\debug\main.obj
d:\projects\c++\vs 2019\source\repos\bachelor_pacman\bachelor_pacman\x64\debug\labyrinth.obj
d:\projects\c++\vs 2019\source\repos\bachelor_pacman\bachelor_pacman\x64\debug\ghost.obj
d:\projects\c++\vs 2019\source\repos\bachelor_pacman\bachelor_pacman\x64\debug\gamestate.obj
d:\projects\c++\vs 2019\source\repos\bachelor_pacman\bachelor_pacman\x64\debug\entity.obj
d:\projects\c++\vs 2019\source\repos\bachelor_pacman\bachelor_pacman\x64\debug\engine.obj
d:\projects\c++\vs 2019\source\repos\bachelor_pacman\bachelor_pacman\x64\debug\console.obj
d:\projects\c++\vs 2019\source\repos\bachelor_pacman\bachelor_pacman\x64\debug\animation.obj
d:\projects\c++\vs 2019\source\repos\bachelor_pacman\x64\debug\bachelor_pacman.ilk
d:\projects\c++\vs 2019\source\repos\bachelor_pacman\x64\debug\bachelor_pacman.exe
d:\projects\c++\vs 2019\source\repos\bachelor_pacman\x64\debug\bachelor_pacman.pdb
d:\projects\c++\vs 2019\source\repos\bachelor_pacman\bachelor_pacman\x64\debug\bachelor_pacman.tlog\cl.command.1.tlog
d:\projects\c++\vs 2019\source\repos\bachelor_pacman\bachelor_pacman\x64\debug\bachelor_pacman.tlog\cl.read.1.tlog
d:\projects\c++\vs 2019\source\repos\bachelor_pacman\bachelor_pacman\x64\debug\bachelor_pacman.tlog\cl.write.1.tlog
d:\projects\c++\vs 2019\source\repos\bachelor_pacman\bachelor_pacman\x64\debug\bachelor_pacman.tlog\link.command.1.tlog
d:\projects\c++\vs 2019\source\repos\bachelor_pacman\bachelor_pacman\x64\debug\bachelor_pacman.tlog\link.read.1.tlog
d:\projects\c++\vs 2019\source\repos\bachelor_pacman\bachelor_pacman\x64\debug\bachelor_pacman.tlog\link.write.1.tlog
