d:\projects\c++\vs 2019\source\repos\bachelor_pacman\bachelor_pacman\x64\debug\vc142.pdb
d:\projects\c++\vs 2019\source\repos\bachelor_pacman\bachelor_pacman\x64\debug\vc142.idb
d:\projects\c++\vs 2019\source\repos\bachelor_pacman\bachelor_pacman\x64\debug\statemanager.obj
d:\projects\c++\vs 2019\source\repos\bachelor_pacman\bachelor_pacman\x64\debug\resources.obj
d:\projects\c++\vs 2019\source\repos\bachelor_pacman\bachelor_pacman\x64\debug\playingstate.obj
d:\projects\c++\vs 2019\source\repos\bachelor_pacman\bachelor_pacman\x64\debug\hero.obj
d:\projects\c++\vs 2019\source\repos\bachelor_pacman\bachelor_pacman\x64\debug\main.obj
d:\projects\c++\vs 2019\source\repos\bachelor_pacman\bachelor_pacman\x64\debug\maze.obj
d:\projects\c++\vs 2019\source\repos\bachelor_pacman\bachelor_pacman\x64\debug\bandit.obj
d:\projects\c++\vs 2019\source\repos\bachelor_pacman\bachelor_pacman\x64\debug\gamestate.obj
d:\projects\c++\vs 2019\source\repos\bachelor_pacman\bachelor_pacman\x64\debug\body.obj
d:\projects\c++\vs 2019\source\repos\bachelor_pacman\bachelor_pacman\x64\debug\engine.obj
d:\projects\c++\vs 2019\source\repos\bachelor_pacman\bachelor_pacman\x64\debug\console.obj
d:\projects\c++\vs 2019\source\repos\bachelor_pacman\bachelor_pacman\x64\debug\animations.obj
d:\projects\c++\vs 2019\source\repos\bachelor_pacman\x64\debug\bachelor_hero.exe
d:\projects\c++\vs 2019\source\repos\bachelor_pacman\x64\debug\bachelor_hero.ilk
d:\projects\c++\vs 2019\source\repos\bachelor_pacman\x64\debug\bachelor_hero.pdb
d:\projects\c++\vs 2019\source\repos\bachelor_pacman\bachelor_pacman\x64\debug\bachelor_hero.tlog\cl.command.1.tlog
d:\projects\c++\vs 2019\source\repos\bachelor_pacman\bachelor_pacman\x64\debug\bachelor_hero.tlog\cl.read.1.tlog
d:\projects\c++\vs 2019\source\repos\bachelor_pacman\bachelor_pacman\x64\debug\bachelor_hero.tlog\cl.write.1.tlog
d:\projects\c++\vs 2019\source\repos\bachelor_pacman\bachelor_pacman\x64\debug\bachelor_hero.tlog\link.command.1.tlog
d:\projects\c++\vs 2019\source\repos\bachelor_pacman\bachelor_pacman\x64\debug\bachelor_hero.tlog\link.read.1.tlog
d:\projects\c++\vs 2019\source\repos\bachelor_pacman\bachelor_pacman\x64\debug\bachelor_hero.tlog\link.write.1.tlog
