  Animations.cpp
  Console.cpp
  Engine.cpp
  Body.cpp
  GameState.cpp
  Bandit.cpp
  Maze.cpp
  Main.cpp
  Hero.cpp
  PlayingState.cpp
D:\Projects\C++\VS 2019\source\repos\Bachelor_PacMan\Bachelor_PacMan\PlayingState.cpp(30,12): warning C4244: 'argument': conversion from 'time_t' to 'unsigned int', possible loss of data
  Resources.cpp
  StateManager.cpp
  Generating Code...
Animation.obj : error LNK2019: unresolved external symbol "__declspec(dllimport) public: float __thiscall sf::Time::asSeconds(void)const " (__imp_?asSeconds@Time@sf@@QBEMXZ) referenced in function "public: void __thiscall Animation::changeFrame(void)" (?changeFrame@Animation@@QAEXXZ)
Animation.obj : error LNK2019: unresolved external symbol "__declspec(dllimport) public: __thiscall sf::Clock::Clock(void)" (__imp_??0Clock@sf@@QAE@XZ) referenced in function "public: __thiscall Animation::Animation(class sf::Rect<int> *,int)" (??0Animation@@QAE@PAV?$Rect@H@sf@@H@Z)
Animation.obj : error LNK2019: unresolved external symbol "__declspec(dllimport) public: class sf::Time __thiscall sf::Clock::getElapsedTime(void)const " (__imp_?getElapsedTime@Clock@sf@@QBE?AVTime@2@XZ) referenced in function "public: void __thiscall Animation::changeFrame(void)" (?changeFrame@Animation@@QAEXXZ)
Animation.obj : error LNK2019: unresolved external symbol "__declspec(dllimport) public: class sf::Time __thiscall sf::Clock::restart(void)" (__imp_?restart@Clock@sf@@QAE?AVTime@2@XZ) referenced in function "public: void __thiscall Animation::changeFrame(void)" (?changeFrame@Animation@@QAEXXZ)
Engine.obj : error LNK2019: unresolved external symbol "__declspec(dllimport) public: __thiscall sf::String::String(char const *,class std::locale const &)" (__imp_??0String@sf@@QAE@PBDABVlocale@std@@@Z) referenced in function "public: static void __cdecl Engine::init(void)" (?init@Engine@@SAXXZ)
Engine.obj : error LNK2019: unresolved external symbol "__declspec(dllimport) public: __thiscall sf::String::~String(void)" (__imp_??1String@sf@@QAE@XZ) referenced in function "public: static void __cdecl Engine::init(void)" (?init@Engine@@SAXXZ)
Engine.obj : error LNK2019: unresolved external symbol "__declspec(dllimport) public: __thiscall sf::VideoMode::VideoMode(unsigned int,unsigned int,unsigned int)" (__imp_??0VideoMode@sf@@QAE@III@Z) referenced in function "public: static void __cdecl Engine::init(void)" (?init@Engine@@SAXXZ)
Engine.obj : error LNK2019: unresolved external symbol "__declspec(dllimport) public: void __thiscall sf::Window::create(class sf::VideoMode,class sf::String const &,unsigned int,struct sf::ContextSettings const &)" (__imp_?create@Window@sf@@QAEXVVideoMode@2@ABVString@2@IABUContextSettings@2@@Z) referenced in function "public: static void __cdecl Engine::init(void)" (?init@Engine@@SAXXZ)
Engine.obj : error LNK2019: unresolved external symbol "__declspec(dllimport) public: void __thiscall sf::Window::close(void)" (__imp_?close@Window@sf@@QAEXXZ) referenced in function "public: static void __cdecl Engine::handleEvents(void)" (?handleEvents@Engine@@SAXXZ)
Engine.obj : error LNK2019: unresolved external symbol "__declspec(dllimport) public: bool __thiscall sf::Window::isOpen(void)const " (__imp_?isOpen@Window@sf@@QBE_NXZ) referenced in function "public: static bool __cdecl Engine::isRunning(void)" (?isRunning@Engine@@SA_NXZ)
Engine.obj : error LNK2019: unresolved external symbol "__declspec(dllimport) public: bool __thiscall sf::Window::pollEvent(class sf::Event &)" (__imp_?pollEvent@Window@sf@@QAE_NAAVEvent@2@@Z) referenced in function "public: static void __cdecl Engine::handleEvents(void)" (?handleEvents@Engine@@SAXXZ)
Engine.obj : error LNK2019: unresolved external symbol "__declspec(dllimport) public: void __thiscall sf::Window::display(void)" (__imp_?display@Window@sf@@QAEXXZ) referenced in function "public: static void __cdecl Engine::render(void)" (?render@Engine@@SAXXZ)
Engine.obj : error LNK2019: unresolved external symbol "__declspec(dllimport) public: void __thiscall sf::RenderTarget::clear(class sf::Color const &)" (__imp_?clear@RenderTarget@sf@@QAEXABVColor@2@@Z) referenced in function "public: static void __cdecl Engine::render(void)" (?render@Engine@@SAXXZ)
Engine.obj : error LNK2019: unresolved external symbol "__declspec(dllimport) public: __thiscall sf::RenderWindow::RenderWindow(void)" (__imp_??0RenderWindow@sf@@QAE@XZ) referenced in function "void __cdecl `dynamic initializer for 'private: static class sf::RenderWindow Engine::window''(void)" (??__E?window@Engine@@0VRenderWindow@sf@@A@@YAXXZ)
Engine.obj : error LNK2019: unresolved external symbol "__declspec(dllimport) public: virtual __thiscall sf::RenderWindow::~RenderWindow(void)" (__imp_??1RenderWindow@sf@@UAE@XZ) referenced in function "void __cdecl `dynamic atexit destructor for 'private: static class sf::RenderWindow Engine::window''(void)" (??__F?window@Engine@@0VRenderWindow@sf@@A@@YAXXZ)
Engine.obj : error LNK2019: unresolved external symbol "__declspec(dllimport) public: static class sf::Color const sf::Color::Black" (__imp_?Black@Color@sf@@2V12@B) referenced in function "public: static void __cdecl Engine::render(void)" (?render@Engine@@SAXXZ)
PlayingState.obj : error LNK2019: unresolved external symbol "__declspec(dllimport) public: void __thiscall sf::Transformable::setPosition(float,float)" (__imp_?setPosition@Transformable@sf@@QAEXMM@Z) referenced in function "public: virtual void __thiscall PlayingState::render(class sf::RenderWindow *)" (?render@PlayingState@@UAEXPAVRenderWindow@sf@@@Z)
PlayingState.obj : error LNK2019: unresolved external symbol "__declspec(dllimport) public: void __thiscall sf::RenderTarget::draw(class sf::Drawable const &,class sf::RenderStates const &)" (__imp_?draw@RenderTarget@sf@@QAEXABVDrawable@2@ABVRenderStates@2@@Z) referenced in function "public: virtual void __thiscall PlayingState::render(class sf::RenderWindow *)" (?render@PlayingState@@UAEXPAVRenderWindow@sf@@@Z)
PlayingState.obj : error LNK2019: unresolved external symbol "__declspec(dllimport) public: __thiscall sf::Sprite::Sprite(void)" (__imp_??0Sprite@sf@@QAE@XZ) referenced in function "public: virtual void __thiscall PlayingState::render(class sf::RenderWindow *)" (?render@PlayingState@@UAEXPAVRenderWindow@sf@@@Z)
PlayingState.obj : error LNK2019: unresolved external symbol "__declspec(dllimport) public: virtual __thiscall sf::Sprite::~Sprite(void)" (__imp_??1Sprite@sf@@UAE@XZ) referenced in function "public: virtual void __thiscall PlayingState::render(class sf::RenderWindow *)" (?render@PlayingState@@UAEXPAVRenderWindow@sf@@@Z)
Resources.obj : error LNK2001: unresolved external symbol "__declspec(dllimport) public: virtual __thiscall sf::Sprite::~Sprite(void)" (__imp_??1Sprite@sf@@UAE@XZ)
PlayingState.obj : error LNK2019: unresolved external symbol "__declspec(dllimport) public: class sf::Sprite & __thiscall sf::Sprite::operator=(class sf::Sprite const &)" (__imp_??4Sprite@sf@@QAEAAV01@ABV01@@Z) referenced in function "public: virtual void __thiscall PlayingState::render(class sf::RenderWindow *)" (?render@PlayingState@@UAEXPAVRenderWindow@sf@@@Z)
PlayingState.obj : error LNK2019: unresolved external symbol "__declspec(dllimport) public: static class sf::RenderStates const sf::RenderStates::Default" (__imp_?Default@RenderStates@sf@@2V12@B) referenced in function "public: virtual void __thiscall PlayingState::render(class sf::RenderWindow *)" (?render@PlayingState@@UAEXPAVRenderWindow@sf@@@Z)
Resources.obj : error LNK2019: unresolved external symbol "__declspec(dllimport) public: void __thiscall sf::Transformable::setScale(float,float)" (__imp_?setScale@Transformable@sf@@QAEXMM@Z) referenced in function "public: static void __cdecl Resources::load(void)" (?load@Resources@@SAXXZ)
Resources.obj : error LNK2019: unresolved external symbol "__declspec(dllimport) public: void __thiscall sf::Transformable::setOrigin(float,float)" (__imp_?setOrigin@Transformable@sf@@QAEXMM@Z) referenced in function "private: static void __cdecl Resources::loadSprite(int,int,int,int)" (?loadSprite@Resources@@CAXHHHH@Z)
Resources.obj : error LNK2019: unresolved external symbol "__declspec(dllimport) public: __thiscall sf::Texture::Texture(void)" (__imp_??0Texture@sf@@QAE@XZ) referenced in function "void __cdecl `dynamic initializer for 'private: static class sf::Texture Resources::Labyrinth''(void)" (??__E?Labyrinth@Resources@@0VTexture@sf@@A@@YAXXZ)
Resources.obj : error LNK2019: unresolved external symbol "__declspec(dllimport) public: __thiscall sf::Texture::~Texture(void)" (__imp_??1Texture@sf@@QAE@XZ) referenced in function "void __cdecl `dynamic atexit destructor for 'private: static class sf::Texture Resources::Labyrinth''(void)" (??__F?Labyrinth@Resources@@0VTexture@sf@@A@@YAXXZ)
Resources.obj : error LNK2019: unresolved external symbol "__declspec(dllimport) public: bool __thiscall sf::Texture::loadFromFile(class std::basic_string<char,struct std::char_traits<char>,class std::allocator<char> > const &,class sf::Rect<int> const &)" (__imp_?loadFromFile@Texture@sf@@QAE_NABV?$basic_string@DU?$char_traits@D@std@@V?$allocator@D@2@@std@@ABV?$Rect@H@2@@Z) referenced in function "public: static void __cdecl Resources::load(void)" (?load@Resources@@SAXXZ)
Resources.obj : error LNK2019: unresolved external symbol "__declspec(dllimport) public: __thiscall sf::Sprite::Sprite(class sf::Texture const &,class sf::Rect<int> const &)" (__imp_??0Sprite@sf@@QAE@ABVTexture@1@ABV?$Rect@H@1@@Z) referenced in function "public: static void __cdecl Resources::load(void)" (?load@Resources@@SAXXZ)
Resources.obj : error LNK2019: unresolved external symbol "__declspec(dllimport) public: void __thiscall sf::Sprite::setTextureRect(class sf::Rect<int> const &)" (__imp_?setTextureRect@Sprite@sf@@QAEXABV?$Rect@H@2@@Z) referenced in function "public: static class sf::Sprite * __cdecl Resources::get(int,bool,enum Direction)" (?get@Resources@@SAPAVSprite@sf@@H_NW4Direction@@@Z)
Resources.obj : error LNK2001: unresolved external symbol "private: virtual void __thiscall sf::Sprite::draw(class sf::RenderTarget &,class sf::RenderStates)const " (?draw@Sprite@sf@@EBEXAAVRenderTarget@2@VRenderStates@2@@Z)
D:\Projects\C++\VS 2019\source\repos\Bachelor_PacMan\\SFML_External\lib\sfml-system-d.lib : warning LNK4272: library machine type 'x64' conflicts with target machine type 'x86'
D:\Projects\C++\VS 2019\source\repos\Bachelor_PacMan\\SFML_External\lib\sfml-graphics-d.lib : warning LNK4272: library machine type 'x64' conflicts with target machine type 'x86'
D:\Projects\C++\VS 2019\source\repos\Bachelor_PacMan\\SFML_External\lib\sfml-window-d.lib : warning LNK4272: library machine type 'x64' conflicts with target machine type 'x86'
D:\Projects\C++\VS 2019\source\repos\Bachelor_PacMan\\SFML_External\lib\sfml-audio-d.lib : warning LNK4272: library machine type 'x64' conflicts with target machine type 'x86'
D:\Projects\C++\VS 2019\source\repos\Bachelor_PacMan\\SFML_External\lib\sfml-network-d.lib : warning LNK4272: library machine type 'x64' conflicts with target machine type 'x86'
D:\Projects\C++\VS 2019\source\repos\Bachelor_PacMan\Debug\Bachelor_PacMan.exe : fatal error LNK1120: 30 unresolved externals
